<?xml version="1.0" encoding="UTF-8"?>
<testng-results ignored="0" total="1" passed="1" failed="0" skipped="0">
  <reporter-output>
  </reporter-output>
  <suite started-at="2024-11-20T13:19:03 IST" name="Surefire suite" finished-at="2024-11-20T13:19:17 IST" duration-ms="13286">
    <groups>
    </groups>
    <test started-at="2024-11-20T13:19:03 IST" name="Surefire test" finished-at="2024-11-20T13:19:17 IST" duration-ms="13286">
      <class name="testcases.LoginTest">
        <test-method is-config="true" signature="setUpBrowser()[pri:0, instance:testcases.LoginTest@f736069]" started-at="2024-11-20T13:19:03 IST" name="setUpBrowser" finished-at="2024-11-20T13:19:11 IST" duration-ms="7147" status="PASS">
          <reporter-output>
          </reporter-output>
        </test-method> <!-- setUpBrowser -->
        <test-method signature="validLoginTest(java.lang.String,java.lang.String)[pri:0, instance:testcases.LoginTest@f736069]" started-at="2024-11-20T13:19:13 IST" name="validLoginTest" description="This test will verify valid login scenario" data-provider="login" finished-at="2024-11-20T13:19:15 IST" duration-ms="2735" status="PASS">
          <params>
            <param index="0">
              <value>
                <![CDATA[admin@email.com]]>
              </value>
            </param>
            <param index="1">
              <value>
                <![CDATA[admin@123]]>
              </value>
            </param>
          </params>
          <reporter-output>
          </reporter-output>
        </test-method> <!-- validLoginTest -->
        <test-method is-config="true" signature="tearDown()[pri:0, instance:testcases.LoginTest@f736069]" started-at="2024-11-20T13:19:15 IST" name="tearDown" finished-at="2024-11-20T13:19:17 IST" duration-ms="1384" status="PASS">
          <reporter-output>
          </reporter-output>
        </test-method> <!-- tearDown -->
      </class> <!-- testcases.LoginTest -->
    </test> <!-- Surefire test -->
  </suite> <!-- Surefire suite -->
</testng-results>
