<?xml version="1.0" encoding="UTF-8"?>
<testng-results ignored="0" total="1" passed="1" failed="0" skipped="0">
  <reporter-output>
  </reporter-output>
  <suite started-at="2024-11-21T04:58:20 IST" name="Default suite" finished-at="2024-11-21T04:58:28 IST" duration-ms="8451">
    <groups>
    </groups>
    <test started-at="2024-11-21T04:58:20 IST" name="Default test" finished-at="2024-11-21T04:58:28 IST" duration-ms="8451">
      <class name="testcases.LoginTest2">
        <test-method is-config="true" signature="setUpBrowser()[pri:0, instance:testcases.LoginTest2@15bb5034]" started-at="2024-11-21T04:58:20 IST" name="setUpBrowser" finished-at="2024-11-21T04:58:23 IST" duration-ms="3092" status="PASS">
          <reporter-output>
          </reporter-output>
        </test-method> <!-- setUpBrowser -->
        <test-method signature="validLoginTest(java.lang.String,java.lang.String)[pri:0, instance:testcases.LoginTest2@15bb5034]" started-at="2024-11-21T04:58:24 IST" name="validLoginTest" description="This test will verify valid login scenario" data-provider="login" finished-at="2024-11-21T04:58:27 IST" duration-ms="2845" status="PASS">
          <params>
            <param index="0">
              <value>
                <![CDATA[admin@email.com]]>
              </value>
            </param>
            <param index="1">
              <value>
                <![CDATA[admin@123]]>
              </value>
            </param>
          </params>
          <reporter-output>
          </reporter-output>
        </test-method> <!-- validLoginTest -->
        <test-method is-config="true" signature="tearDown()[pri:0, instance:testcases.LoginTest2@15bb5034]" started-at="2024-11-21T04:58:27 IST" name="tearDown" finished-at="2024-11-21T04:58:28 IST" duration-ms="1445" status="PASS">
          <reporter-output>
          </reporter-output>
        </test-method> <!-- tearDown -->
      </class> <!-- testcases.LoginTest2 -->
    </test> <!-- Default test -->
  </suite> <!-- Default suite -->
</testng-results>
